<?xml version="1.0" encoding="UTF-8"?>
<!-- Generated by org.testng.reporters.JUnitXMLReporter -->
<testsuite ignored="3" hostname="MansourSindyan" failures="0" tests="1" name="Default test" time="3.895" errors="0" timestamp="2025-11-23T20:46:51 EET">
  <testcase classname="Auto.MyTestcases" name="AddItemToThecart" time="2.056"/>
  <testcase classname="Auto.MyTestcases" name="LogoutTest" time="0.0">
    <ignored/>
  </testcase> <!-- LogoutTest -->
  <testcase classname="Auto.MyTestcases" name="Login" time="0.0">
    <ignored/>
  </testcase> <!-- Login -->
  <testcase classname="Auto.MyTestcases" name="SignupTest" time="0.0">
    <ignored/>
  </testcase> <!-- SignupTest -->
</testsuite> <!-- Default test -->
