<?xml version="1.0" encoding="UTF-8"?>
<testng-results ignored="3" total="4" passed="1" failed="0" skipped="0">
  <reporter-output>
  </reporter-output>
  <suite started-at="2025-11-23T20:46:47 EET" name="Default suite" finished-at="2025-11-23T20:46:51 EET" duration-ms="3895">
    <groups>
    </groups>
    <test started-at="2025-11-23T20:46:47 EET" name="Default test" finished-at="2025-11-23T20:46:51 EET" duration-ms="3895">
      <class name="Auto.MyTestcases">
        <test-method is-config="true" signature="mySetup()[pri:0, instance:Auto.MyTestcases@60957c0f]" started-at="2025-11-23T20:46:47 EET" name="mySetup" finished-at="2025-11-23T20:46:49 EET" duration-ms="1766" status="PASS">
          <reporter-output>
          </reporter-output>
        </test-method> <!-- mySetup -->
        <test-method signature="AddItemToThecart()[pri:4, instance:Auto.MyTestcases@60957c0f]" started-at="2025-11-23T20:46:49 EET" name="AddItemToThecart" finished-at="2025-11-23T20:46:51 EET" duration-ms="2056" status="PASS">
          <reporter-output>
          </reporter-output>
        </test-method> <!-- AddItemToThecart -->
        <test-method is-config="true" signature="AftermyTest()[pri:0, instance:Auto.MyTestcases@60957c0f]" started-at="2025-11-23T20:46:51 EET" name="AftermyTest" finished-at="2025-11-23T20:46:51 EET" duration-ms="1" status="PASS">
          <reporter-output>
          </reporter-output>
        </test-method> <!-- AftermyTest -->
      </class> <!-- Auto.MyTestcases -->
    </test> <!-- Default test -->
  </suite> <!-- Default suite -->
</testng-results>
