<?xml version="1.0" encoding="UTF-8"?>
<!-- Generated by org.testng.reporters.JUnitReportReporter -->
<testsuite hostname="MansourSindyan" failures="0" tests="3" name="firstproject.AddRandomItem" time="1.065" errors="0" timestamp="2025-09-22T22:44:49 EET" skipped="1">
  <testcase classname="firstproject.AddRandomItem" name="LoginWithNormalUser" time="0.631"/>
  <testcase classname="firstproject.AddRandomItem" name="AddThreeRandomItemm" time="0.434"/>
  <testcase classname="firstproject.AddRandomItem" name="AddRandomItemm">
    <skipped/>
  </testcase> <!-- AddRandomItemm -->
</testsuite> <!-- firstproject.AddRandomItem -->
