<?xml version="1.0" encoding="UTF-8"?>
<!-- Generated by org.testng.reporters.JUnitReportReporter -->
<testsuite hostname="MansourSindyan" failures="0" tests="4" name="Auto.MyTestcases" time="2.056" errors="0" timestamp="2025-11-23T20:46:51 EET" skipped="3">
  <testcase classname="Auto.MyTestcases" name="AddItemToThecart" time="2.056"/>
  <testcase classname="Auto.MyTestcases" name="LogoutTest">
    <skipped/>
  </testcase> <!-- LogoutTest -->
  <testcase classname="Auto.MyTestcases" name="Login">
    <skipped/>
  </testcase> <!-- Login -->
  <testcase classname="Auto.MyTestcases" name="SignupTest">
    <skipped/>
  </testcase> <!-- SignupTest -->
</testsuite> <!-- Auto.MyTestcases -->
